{
  "stats": {
    "suites": 1,
    "tests": 1,
    "passes": 1,
    "pending": 0,
    "failures": 0,
    "start": "2024-03-25T15:04:24.222Z",
    "end": "2024-03-25T15:04:34.846Z",
    "duration": 10624,
    "testsRegistered": 1,
    "passPercent": 100,
    "pendingPercent": 0,
    "other": 0,
    "hasOther": false,
    "skipped": 0,
    "hasSkipped": false
  },
  "results": [
    {
      "uuid": "45ca50e2-33ed-4c26-bbac-9890458186b5",
      "title": "",
      "fullFile": "cypress\\integration\\navigationTests.js",
      "file": "cypress\\integration\\navigationTests.js",
      "beforeHooks": [],
      "afterHooks": [],
      "tests": [],
      "suites": [
        {
          "uuid": "cd2a5779-a4c6-4c32-bb4d-192ca0fa7504",
          "title": "Links in new tab",
          "fullFile": "",
          "file": "",
          "beforeHooks": [],
          "afterHooks": [],
          "tests": [
            {
              "title": "Navigation tests",
              "fullTitle": "Links in new tab Navigation tests",
              "timedOut": null,
              "duration": 10529,
              "state": "passed",
              "speed": "slow",
              "pass": true,
              "fail": false,
              "pending": false,
              "context": null,
              "code": "cy.ValidLogin();\n_navigationPage.navigateTo.goToTwitter();\n_navigationPage.navigateTo.goToFacebook();\n_navigationPage.navigateTo.goToLinkedin();",
              "err": {},
              "uuid": "83473244-f8f9-4f35-9c5a-82e05c568caf",
              "parentUUID": "cd2a5779-a4c6-4c32-bb4d-192ca0fa7504",
              "isHook": false,
              "skipped": false
            }
          ],
          "suites": [],
          "passes": [
            "83473244-f8f9-4f35-9c5a-82e05c568caf"
          ],
          "failures": [],
          "pending": [],
          "skipped": [],
          "duration": 10529,
          "root": false,
          "rootEmpty": false,
          "_timeout": 2000
        }
      ],
      "passes": [],
      "failures": [],
      "pending": [],
      "skipped": [],
      "duration": 0,
      "root": true,
      "rootEmpty": true,
      "_timeout": 2000
    }
  ],
  "meta": {
    "mocha": {
      "version": "7.0.1"
    },
    "mochawesome": {
      "options": {
        "quiet": false,
        "reportFilename": "mochawesome",
        "saveHtml": true,
        "saveJson": true,
        "consoleReporter": "spec",
        "useInlineDiffs": false,
        "code": true
      },
      "version": "7.1.3"
    },
    "marge": {
      "options": {
        "reportDir": "cypress/reports",
        "overwrite": false,
        "html": true,
        "json": true
      },
      "version": "6.2.0"
    }
  }
}