{
  "stats": {
    "suites": 1,
    "tests": 3,
    "passes": 3,
    "pending": 0,
    "failures": 0,
    "start": "2024-03-25T14:54:03.110Z",
    "end": "2024-03-25T14:54:08.651Z",
    "duration": 5541,
    "testsRegistered": 3,
    "passPercent": 100,
    "pendingPercent": 0,
    "other": 0,
    "hasOther": false,
    "skipped": 0,
    "hasSkipped": false
  },
  "results": [
    {
      "uuid": "474379e0-0725-4fde-9c2c-6bfc05c8de73",
      "title": "",
      "fullFile": "cypress\\integration\\loginTests.js",
      "file": "cypress\\integration\\loginTests.js",
      "beforeHooks": [],
      "afterHooks": [],
      "tests": [],
      "suites": [
        {
          "uuid": "b9999fa6-0641-4900-8d50-230ec2857bed",
          "title": "Login test",
          "fullFile": "",
          "file": "",
          "beforeHooks": [],
          "afterHooks": [],
          "tests": [
            {
              "title": "Valid login",
              "fullTitle": "Login test Valid login",
              "timedOut": null,
              "duration": 1206,
              "state": "passed",
              "speed": "slow",
              "pass": true,
              "fail": false,
              "pending": false,
              "context": null,
              "code": "var username = 'standard_user';\nvar password = 'secret_sauce';\n_loginPage.loginPage.validFillLoginForm(username, password);",
              "err": {},
              "uuid": "1f974310-6415-460a-a0d8-c9b151f95877",
              "parentUUID": "b9999fa6-0641-4900-8d50-230ec2857bed",
              "isHook": false,
              "skipped": false
            },
            {
              "title": "Logout user",
              "fullTitle": "Login test Logout user",
              "timedOut": null,
              "duration": 1381,
              "state": "passed",
              "speed": "slow",
              "pass": true,
              "fail": false,
              "pending": false,
              "context": null,
              "code": "cy.ValidLogin();\n_loginPage.loginPage.logOut();",
              "err": {},
              "uuid": "0fbc1128-2f82-447a-811f-f246bb6552e5",
              "parentUUID": "b9999fa6-0641-4900-8d50-230ec2857bed",
              "isHook": false,
              "skipped": false
            },
            {
              "title": "Invalid login",
              "fullTitle": "Login test Invalid login",
              "timedOut": null,
              "duration": 2923,
              "state": "passed",
              "speed": "slow",
              "pass": true,
              "fail": false,
              "pending": false,
              "context": null,
              "code": "_loginPage.loginPage.invalidFillLoginForm();",
              "err": {},
              "uuid": "3865bfdf-ff63-4838-8da3-a43d14f75147",
              "parentUUID": "b9999fa6-0641-4900-8d50-230ec2857bed",
              "isHook": false,
              "skipped": false
            }
          ],
          "suites": [],
          "passes": [
            "1f974310-6415-460a-a0d8-c9b151f95877",
            "0fbc1128-2f82-447a-811f-f246bb6552e5",
            "3865bfdf-ff63-4838-8da3-a43d14f75147"
          ],
          "failures": [],
          "pending": [],
          "skipped": [],
          "duration": 5510,
          "root": false,
          "rootEmpty": false,
          "_timeout": 2000
        }
      ],
      "passes": [],
      "failures": [],
      "pending": [],
      "skipped": [],
      "duration": 0,
      "root": true,
      "rootEmpty": true,
      "_timeout": 2000
    }
  ],
  "meta": {
    "mocha": {
      "version": "7.0.1"
    },
    "mochawesome": {
      "options": {
        "quiet": false,
        "reportFilename": "mochawesome",
        "saveHtml": false,
        "saveJson": true,
        "consoleReporter": "spec",
        "useInlineDiffs": false,
        "code": true
      },
      "version": "7.1.3"
    },
    "marge": {
      "options": {
        "reportDir": "cypress/reports",
        "overwrite": false,
        "html": false,
        "json": true
      },
      "version": "6.2.0"
    }
  }
}