{
  "stats": {
    "suites": 1,
    "tests": 3,
    "passes": 3,
    "pending": 0,
    "failures": 0,
    "start": "2024-03-25T15:04:14.087Z",
    "end": "2024-03-25T15:04:19.693Z",
    "duration": 5606,
    "testsRegistered": 3,
    "passPercent": 100,
    "pendingPercent": 0,
    "other": 0,
    "hasOther": false,
    "skipped": 0,
    "hasSkipped": false
  },
  "results": [
    {
      "uuid": "48c65f25-0704-4e8a-82ce-d823640a772b",
      "title": "",
      "fullFile": "cypress\\integration\\loginTests.js",
      "file": "cypress\\integration\\loginTests.js",
      "beforeHooks": [],
      "afterHooks": [],
      "tests": [],
      "suites": [
        {
          "uuid": "f16d6bab-1739-4ce6-a806-d6a89088c6b9",
          "title": "Login test",
          "fullFile": "",
          "file": "",
          "beforeHooks": [],
          "afterHooks": [],
          "tests": [
            {
              "title": "Valid login",
              "fullTitle": "Login test Valid login",
              "timedOut": null,
              "duration": 1216,
              "state": "passed",
              "speed": "slow",
              "pass": true,
              "fail": false,
              "pending": false,
              "context": null,
              "code": "var username = 'standard_user';\nvar password = 'secret_sauce';\n_loginPage.loginPage.validFillLoginForm(username, password);",
              "err": {},
              "uuid": "e9151fe9-f0c2-4d37-b490-df49915f1fb2",
              "parentUUID": "f16d6bab-1739-4ce6-a806-d6a89088c6b9",
              "isHook": false,
              "skipped": false
            },
            {
              "title": "Logout user",
              "fullTitle": "Login test Logout user",
              "timedOut": null,
              "duration": 1395,
              "state": "passed",
              "speed": "slow",
              "pass": true,
              "fail": false,
              "pending": false,
              "context": null,
              "code": "cy.ValidLogin();\n_loginPage.loginPage.logOut();",
              "err": {},
              "uuid": "8d273282-780d-4f5e-a5ce-3e8d7a00d45e",
              "parentUUID": "f16d6bab-1739-4ce6-a806-d6a89088c6b9",
              "isHook": false,
              "skipped": false
            },
            {
              "title": "Invalid login",
              "fullTitle": "Login test Invalid login",
              "timedOut": null,
              "duration": 2964,
              "state": "passed",
              "speed": "slow",
              "pass": true,
              "fail": false,
              "pending": false,
              "context": null,
              "code": "_loginPage.loginPage.invalidFillLoginForm();",
              "err": {},
              "uuid": "cdc6f8b0-2eaf-4467-9c9a-55145319ad1a",
              "parentUUID": "f16d6bab-1739-4ce6-a806-d6a89088c6b9",
              "isHook": false,
              "skipped": false
            }
          ],
          "suites": [],
          "passes": [
            "e9151fe9-f0c2-4d37-b490-df49915f1fb2",
            "8d273282-780d-4f5e-a5ce-3e8d7a00d45e",
            "cdc6f8b0-2eaf-4467-9c9a-55145319ad1a"
          ],
          "failures": [],
          "pending": [],
          "skipped": [],
          "duration": 5575,
          "root": false,
          "rootEmpty": false,
          "_timeout": 2000
        }
      ],
      "passes": [],
      "failures": [],
      "pending": [],
      "skipped": [],
      "duration": 0,
      "root": true,
      "rootEmpty": true,
      "_timeout": 2000
    }
  ],
  "meta": {
    "mocha": {
      "version": "7.0.1"
    },
    "mochawesome": {
      "options": {
        "quiet": false,
        "reportFilename": "mochawesome",
        "saveHtml": true,
        "saveJson": true,
        "consoleReporter": "spec",
        "useInlineDiffs": false,
        "code": true
      },
      "version": "7.1.3"
    },
    "marge": {
      "options": {
        "reportDir": "cypress/reports",
        "overwrite": false,
        "html": true,
        "json": true
      },
      "version": "6.2.0"
    }
  }
}