{
  "stats": {
    "suites": 1,
    "tests": 5,
    "passes": 5,
    "pending": 0,
    "failures": 0,
    "start": "2024-03-26T09:27:44.653Z",
    "end": "2024-03-26T09:27:55.975Z",
    "duration": 11322,
    "testsRegistered": 5,
    "passPercent": 100,
    "pendingPercent": 0,
    "other": 0,
    "hasOther": false,
    "skipped": 0,
    "hasSkipped": false
  },
  "results": [
    {
      "uuid": "9d3e53c5-f957-4ad0-895b-50302acf6674",
      "title": "",
      "fullFile": "cypress\\integration\\homeTests.js",
      "file": "cypress\\integration\\homeTests.js",
      "beforeHooks": [],
      "afterHooks": [],
      "tests": [],
      "suites": [
        {
          "uuid": "8727c39d-81e7-47a1-ac74-b180387c5f1d",
          "title": "Home page tests",
          "fullFile": "",
          "file": "",
          "beforeHooks": [],
          "afterHooks": [],
          "tests": [
            {
              "title": "Products are sorted correctly",
              "fullTitle": "Home page tests Products are sorted correctly",
              "timedOut": null,
              "duration": 2648,
              "state": "passed",
              "speed": "slow",
              "pass": true,
              "fail": false,
              "pending": false,
              "context": null,
              "code": "var username = 'standard_user';\nvar password = 'secret_sauce';\n_loginPage.loginPage.validFillLoginForm(username, password);\n_homePage.homePage.checkIfProductsAreSorted();",
              "err": {},
              "uuid": "6ea556c9-81d5-456d-a52c-7676a047287a",
              "parentUUID": "8727c39d-81e7-47a1-ac74-b180387c5f1d",
              "isHook": false,
              "skipped": false
            },
            {
              "title": "Numbers of products",
              "fullTitle": "Home page tests Numbers of products",
              "timedOut": null,
              "duration": 1077,
              "state": "passed",
              "speed": "slow",
              "pass": true,
              "fail": false,
              "pending": false,
              "context": null,
              "code": "cy.ValidLogin();\n_homePage.homePage.checkNumberOfProducts();",
              "err": {},
              "uuid": "99074474-b7eb-46dc-ae62-0ad147c512c5",
              "parentUUID": "8727c39d-81e7-47a1-ac74-b180387c5f1d",
              "isHook": false,
              "skipped": false
            },
            {
              "title": "Names of products",
              "fullTitle": "Home page tests Names of products",
              "timedOut": null,
              "duration": 1049,
              "state": "passed",
              "speed": "slow",
              "pass": true,
              "fail": false,
              "pending": false,
              "context": null,
              "code": "cy.ValidLogin();\n_homePage.homePage.checkNamesOfProductsInTxtFile();",
              "err": {},
              "uuid": "91e7c956-d9b9-45bb-80c5-e6d4875e1059",
              "parentUUID": "8727c39d-81e7-47a1-ac74-b180387c5f1d",
              "isHook": false,
              "skipped": false
            },
            {
              "title": "Add to cart all items",
              "fullTitle": "Home page tests Add to cart all items",
              "timedOut": null,
              "duration": 3008,
              "state": "passed",
              "speed": "slow",
              "pass": true,
              "fail": false,
              "pending": false,
              "context": null,
              "code": "cy.ValidLogin(); //loginPage.checkIfProductsAreSorted()\n_homePage.homePage.addToCartAllProducts();\n_homePage.homePage.checkProductNamesInCart();\n_homePage.homePage.checkOutCart();\n_homePage.homePage.checkPricesInCartAndFinish();",
              "err": {},
              "uuid": "cd1e4c5e-3f51-4aea-9e0d-c787e66dfab2",
              "parentUUID": "8727c39d-81e7-47a1-ac74-b180387c5f1d",
              "isHook": false,
              "skipped": false
            },
            {
              "title": "Remove items from cart",
              "fullTitle": "Home page tests Remove items from cart",
              "timedOut": null,
              "duration": 3496,
              "state": "passed",
              "speed": "slow",
              "pass": true,
              "fail": false,
              "pending": false,
              "context": null,
              "code": "cy.ValidLogin();\n_homePage.homePage.addToCartAllProducts();\n_homePage.homePage.removeProductsFromCart();\n_homePage.homePage.checkOutCart();\n_homePage.homePage.checkIsPriceZero();",
              "err": {},
              "uuid": "f870dd6a-2ac3-4abb-af09-b01c491761a2",
              "parentUUID": "8727c39d-81e7-47a1-ac74-b180387c5f1d",
              "isHook": false,
              "skipped": false
            }
          ],
          "suites": [],
          "passes": [
            "6ea556c9-81d5-456d-a52c-7676a047287a",
            "99074474-b7eb-46dc-ae62-0ad147c512c5",
            "91e7c956-d9b9-45bb-80c5-e6d4875e1059",
            "cd1e4c5e-3f51-4aea-9e0d-c787e66dfab2",
            "f870dd6a-2ac3-4abb-af09-b01c491761a2"
          ],
          "failures": [],
          "pending": [],
          "skipped": [],
          "duration": 11278,
          "root": false,
          "rootEmpty": false,
          "_timeout": 2000
        }
      ],
      "passes": [],
      "failures": [],
      "pending": [],
      "skipped": [],
      "duration": 0,
      "root": true,
      "rootEmpty": true,
      "_timeout": 2000
    }
  ],
  "meta": {
    "mocha": {
      "version": "7.0.1"
    },
    "mochawesome": {
      "options": {
        "quiet": false,
        "reportFilename": "mochawesome",
        "saveHtml": true,
        "saveJson": true,
        "consoleReporter": "spec",
        "useInlineDiffs": false,
        "code": true
      },
      "version": "7.1.3"
    },
    "marge": {
      "options": {
        "reportDir": "cypress/reports",
        "overwrite": false,
        "html": true,
        "json": true
      },
      "version": "6.2.0"
    }
  }
}