{
  "stats": {
    "suites": 1,
    "tests": 3,
    "passes": 3,
    "pending": 0,
    "failures": 0,
    "start": "2024-03-26T09:28:03.153Z",
    "end": "2024-03-26T09:28:08.717Z",
    "duration": 5564,
    "testsRegistered": 3,
    "passPercent": 100,
    "pendingPercent": 0,
    "other": 0,
    "hasOther": false,
    "skipped": 0,
    "hasSkipped": false
  },
  "results": [
    {
      "uuid": "dfa15c04-b6e7-4214-a067-7e972dde8cfc",
      "title": "",
      "fullFile": "cypress\\integration\\loginTests.js",
      "file": "cypress\\integration\\loginTests.js",
      "beforeHooks": [],
      "afterHooks": [],
      "tests": [],
      "suites": [
        {
          "uuid": "215ae0b1-bcab-46d3-a849-403b5992fb3b",
          "title": "Login test",
          "fullFile": "",
          "file": "",
          "beforeHooks": [],
          "afterHooks": [],
          "tests": [
            {
              "title": "Valid login",
              "fullTitle": "Login test Valid login",
              "timedOut": null,
              "duration": 1160,
              "state": "passed",
              "speed": "slow",
              "pass": true,
              "fail": false,
              "pending": false,
              "context": null,
              "code": "var username = 'standard_user';\nvar password = 'secret_sauce';\n_loginPage.loginPage.validFillLoginForm(username, password);",
              "err": {},
              "uuid": "a08321c9-26e3-4999-963e-971a87c0e037",
              "parentUUID": "215ae0b1-bcab-46d3-a849-403b5992fb3b",
              "isHook": false,
              "skipped": false
            },
            {
              "title": "Logout user",
              "fullTitle": "Login test Logout user",
              "timedOut": null,
              "duration": 1394,
              "state": "passed",
              "speed": "slow",
              "pass": true,
              "fail": false,
              "pending": false,
              "context": null,
              "code": "cy.ValidLogin();\n_loginPage.loginPage.logOut();",
              "err": {},
              "uuid": "040303e4-e3dc-446b-853b-78c8086ec129",
              "parentUUID": "215ae0b1-bcab-46d3-a849-403b5992fb3b",
              "isHook": false,
              "skipped": false
            },
            {
              "title": "Invalid login",
              "fullTitle": "Login test Invalid login",
              "timedOut": null,
              "duration": 2982,
              "state": "passed",
              "speed": "slow",
              "pass": true,
              "fail": false,
              "pending": false,
              "context": null,
              "code": "_loginPage.loginPage.invalidFillLoginForm();",
              "err": {},
              "uuid": "2d944519-6325-47c8-b5ed-a32e5c348997",
              "parentUUID": "215ae0b1-bcab-46d3-a849-403b5992fb3b",
              "isHook": false,
              "skipped": false
            }
          ],
          "suites": [],
          "passes": [
            "a08321c9-26e3-4999-963e-971a87c0e037",
            "040303e4-e3dc-446b-853b-78c8086ec129",
            "2d944519-6325-47c8-b5ed-a32e5c348997"
          ],
          "failures": [],
          "pending": [],
          "skipped": [],
          "duration": 5536,
          "root": false,
          "rootEmpty": false,
          "_timeout": 2000
        }
      ],
      "passes": [],
      "failures": [],
      "pending": [],
      "skipped": [],
      "duration": 0,
      "root": true,
      "rootEmpty": true,
      "_timeout": 2000
    }
  ],
  "meta": {
    "mocha": {
      "version": "7.0.1"
    },
    "mochawesome": {
      "options": {
        "quiet": false,
        "reportFilename": "mochawesome",
        "saveHtml": true,
        "saveJson": true,
        "consoleReporter": "spec",
        "useInlineDiffs": false,
        "code": true
      },
      "version": "7.1.3"
    },
    "marge": {
      "options": {
        "reportDir": "cypress/reports",
        "overwrite": false,
        "html": true,
        "json": true
      },
      "version": "6.2.0"
    }
  }
}